<?xml version="1.0" encoding="UTF-8"?><testsuite errors="1" failures="0" name="Tienda Virtual Automation Practice" skipped="0" tests="1" time="28.09" timestamp="2021-10-31 08:28:21"><testcase name="creacion de cuenta de usuario"><error type="net.serenitybdd.core.exceptions.UnrecognisedException"/><system-err>null&#13;
io.cucumber.datatable.UndefinedDataTableTypeException.listNoConverterDefined(UndefinedDataTableTypeException.java:110)&#13;
io.cucumber.datatable.DataTableTypeRegistryTableConverter.toList(DataTableTypeRegistryTableConverter.java:144)&#13;
io.cucumber.datatable.DataTableTypeRegistryTableConverter.convert(DataTableTypeRegistryTableConverter.java:110)&#13;
io.cucumber.datatable.DataTable.convert(DataTable.java:360)&#13;
io.cucumber.core.stepexpression.StepExpressionFactory.lambda$createExpression$0(StepExpressionFactory.java:66)&#13;
io.cucumber.core.stepexpression.DataTableArgument.getValue(DataTableArgument.java:19)&#13;
io.cucumber.core.runner.PickleStepDefinitionMatch.runStep(PickleStepDefinitionMatch.java:47)&#13;
io.cucumber.core.runner.TestStep.executeStep(TestStep.java:92)&#13;
io.cucumber.core.runner.TestStep.run(TestStep.java:64)&#13;
io.cucumber.core.runner.PickleStepTestStep.run(PickleStepTestStep.java:51)&#13;
io.cucumber.core.runner.TestCase.run(TestCase.java:104)&#13;
io.cucumber.core.runner.Runner.runPickle(Runner.java:73)&#13;
io.cucumber.junit.FeatureRunner.runChild(FeatureRunner.java:135)&#13;
io.cucumber.junit.FeatureRunner.runChild(FeatureRunner.java:27)&#13;
io.cucumber.junit.CucumberSerenityRunner.runChild(CucumberSerenityRunner.java:258)&#13;
io.cucumber.junit.CucumberSerenityRunner.runChild(CucumberSerenityRunner.java:57)&#13;
</system-err></testcase></testsuite>